Determining if the pthread_create exist failed with the following output:
Change Dir: /home/lucas/Programmiersprachen/programmiersprachen-aufgabenblatt-4/build/CMakeFiles/CMakeTmp

Run Build Command:"/usr/bin/make" "cmTC_90546/fast"
/usr/bin/make -f CMakeFiles/cmTC_90546.dir/build.make CMakeFiles/cmTC_90546.dir/build
make[1]: Entering directory '/home/lucas/Programmiersprachen/programmiersprachen-aufgabenblatt-4/build/CMakeFiles/CMakeTmp'
Building C object CMakeFiles/cmTC_90546.dir/CheckSymbolExists.c.o
/usr/bin/cc     -o CMakeFiles/cmTC_90546.dir/CheckSymbolExists.c.o   -c /home/lucas/Programmiersprachen/programmiersprachen-aufgabenblatt-4/build/CMakeFiles/CMakeTmp/CheckSymbolExists.c
Linking C executable cmTC_90546
/usr/bin/cmake -E cmake_link_script CMakeFiles/cmTC_90546.dir/link.txt --verbose=1
/usr/bin/cc       CMakeFiles/cmTC_90546.dir/CheckSymbolExists.c.o  -o cmTC_90546 -rdynamic 
CMakeFiles/cmTC_90546.dir/CheckSymbolExists.c.o: In function `main':
CheckSymbolExists.c:(.text+0x16): undefined reference to `pthread_create'
collect2: error: ld returned 1 exit status
CMakeFiles/cmTC_90546.dir/build.make:97: recipe for target 'cmTC_90546' failed
make[1]: *** [cmTC_90546] Error 1
make[1]: Leaving directory '/home/lucas/Programmiersprachen/programmiersprachen-aufgabenblatt-4/build/CMakeFiles/CMakeTmp'
Makefile:126: recipe for target 'cmTC_90546/fast' failed
make: *** [cmTC_90546/fast] Error 2

File /home/lucas/Programmiersprachen/programmiersprachen-aufgabenblatt-4/build/CMakeFiles/CMakeTmp/CheckSymbolExists.c:
/* */
#include <pthread.h>

int main(int argc, char** argv)
{
  (void)argv;
#ifndef pthread_create
  return ((int*)(&pthread_create))[argc];
#else
  (void)argc;
  return 0;
#endif
}

Determining if the function pthread_create exists in the pthreads failed with the following output:
Change Dir: /home/lucas/Programmiersprachen/programmiersprachen-aufgabenblatt-4/build/CMakeFiles/CMakeTmp

Run Build Command:"/usr/bin/make" "cmTC_bfc79/fast"
/usr/bin/make -f CMakeFiles/cmTC_bfc79.dir/build.make CMakeFiles/cmTC_bfc79.dir/build
make[1]: Entering directory '/home/lucas/Programmiersprachen/programmiersprachen-aufgabenblatt-4/build/CMakeFiles/CMakeTmp'
Building C object CMakeFiles/cmTC_bfc79.dir/CheckFunctionExists.c.o
/usr/bin/cc    -DCHECK_FUNCTION_EXISTS=pthread_create   -o CMakeFiles/cmTC_bfc79.dir/CheckFunctionExists.c.o   -c /usr/share/cmake-3.5/Modules/CheckFunctionExists.c
Linking C executable cmTC_bfc79
/usr/bin/cmake -E cmake_link_script CMakeFiles/cmTC_bfc79.dir/link.txt --verbose=1
/usr/bin/cc   -DCHECK_FUNCTION_EXISTS=pthread_create    CMakeFiles/cmTC_bfc79.dir/CheckFunctionExists.c.o  -o cmTC_bfc79 -rdynamic -lpthreads 
/usr/bin/ld: cannot find -lpthreads
collect2: error: ld returned 1 exit status
CMakeFiles/cmTC_bfc79.dir/build.make:97: recipe for target 'cmTC_bfc79' failed
make[1]: *** [cmTC_bfc79] Error 1
make[1]: Leaving directory '/home/lucas/Programmiersprachen/programmiersprachen-aufgabenblatt-4/build/CMakeFiles/CMakeTmp'
Makefile:126: recipe for target 'cmTC_bfc79/fast' failed
make: *** [cmTC_bfc79/fast] Error 2


Determining if the function glXGetProcAddressEXT exists failed with the following output:
Change Dir: /home/lucas/Programmiersprachen/programmiersprachen-aufgabenblatt-4/build/CMakeFiles/CMakeTmp

Run Build Command:"/usr/bin/make" "cmTC_b00e1/fast"
/usr/bin/make -f CMakeFiles/cmTC_b00e1.dir/build.make CMakeFiles/cmTC_b00e1.dir/build
make[1]: Entering directory '/home/lucas/Programmiersprachen/programmiersprachen-aufgabenblatt-4/build/CMakeFiles/CMakeTmp'
Building C object CMakeFiles/cmTC_b00e1.dir/CheckFunctionExists.c.o
/usr/bin/cc    -DCHECK_FUNCTION_EXISTS=glXGetProcAddressEXT   -o CMakeFiles/cmTC_b00e1.dir/CheckFunctionExists.c.o   -c /usr/share/cmake-3.5/Modules/CheckFunctionExists.c
Linking C executable cmTC_b00e1
/usr/bin/cmake -E cmake_link_script CMakeFiles/cmTC_b00e1.dir/link.txt --verbose=1
/usr/bin/cc   -DCHECK_FUNCTION_EXISTS=glXGetProcAddressEXT    CMakeFiles/cmTC_b00e1.dir/CheckFunctionExists.c.o  -o cmTC_b00e1 -rdynamic /usr/lib/x86_64-linux-gnu/libGL.so 
CMakeFiles/cmTC_b00e1.dir/CheckFunctionExists.c.o: In function `main':
CheckFunctionExists.c:(.text+0x15): undefined reference to `glXGetProcAddressEXT'
collect2: error: ld returned 1 exit status
CMakeFiles/cmTC_b00e1.dir/build.make:98: recipe for target 'cmTC_b00e1' failed
make[1]: *** [cmTC_b00e1] Error 1
make[1]: Leaving directory '/home/lucas/Programmiersprachen/programmiersprachen-aufgabenblatt-4/build/CMakeFiles/CMakeTmp'
Makefile:126: recipe for target 'cmTC_b00e1/fast' failed
make: *** [cmTC_b00e1/fast] Error 2


